<?xml version="1.0" encoding="UTF-8"?>
<testsuite xmlns:xsi="http://www.w3.org/2001/XMLSchema-instance" xsi:noNamespaceSchemaLocation="https://maven.apache.org/surefire/maven-surefire-plugin/xsd/surefire-test-report.xsd" version="3.0.2" name="zw.gov.mohcc.mrs.impilo_on_fhir.ImpiloOnFhirApplicationTests" time="2.089" tests="1" errors="0" skipped="0" failures="0">
  <properties>
[...]
</properties>
  <testcase name="contextLoads" classname="zw.gov.mohcc.mrs.impilo_on_fhir.ImpiloOnFhirApplicationTests" time="1.545">
    <system-out><![CDATA[15:33:51.937 [main] INFO org.springframework.test.context.support.AnnotationConfigContextLoaderUtils -- Could not detect default configuration classes for test class [zw.gov.mohcc.mrs.impilo_on_fhir.ImpiloOnFhirApplicationTests]: ImpiloOnFhirApplicationTests does not declare any static, non-private, non-final, nested classes annotated with @Configuration.
15:33:51.985 [main] INFO org.springframework.boot.test.context.SpringBootTestContextBootstrapper -- Found @SpringBootConfiguration zw.gov.mohcc.mrs.impilo_on_fhir.ImpiloOnFhirApplication for test class zw.gov.mohcc.mrs.impilo_on_fhir.ImpiloOnFhirApplicationTests

  .   ____          _            __ _ _
 /\\ / ___'_ __ _ _(_)_ __  __ _ \ \ \ \
( ( )\___ | '_ | '_| | '_ \/ _` | \ \ \ \
 \\/  ___)| |_)| | | | | || (_| |  ) ) ) )
  '  |____| .__|_| |_|_| |_\__, | / / / /
 =========|_|==============|___/=/_/_/_/

 :: Spring Boot ::                (v3.4.3)

2025-03-11T15:33:52.152+03:00  INFO 26941 --- [impilo-on-fhir] [           main] z.g.m.m.i.ImpiloOnFhirApplicationTests   : Starting ImpiloOnFhirApplicationTests using Java 21.0.2 with PID 26941 (started by herbert in /Users/herbert/Desktop/quickbox/impilo/impilo-on-fhir)
2025-03-11T15:33:52.153+03:00  INFO 26941 --- [impilo-on-fhir] [           main] z.g.m.m.i.ImpiloOnFhirApplicationTests   : No active profile set, falling back to 1 default profile: "default"
2025-03-11T15:33:52.386+03:00  INFO 26941 --- [impilo-on-fhir] [           main] z.g.m.m.i.ImpiloOnFhirApplicationTests   : Started ImpiloOnFhirApplicationTests in 0.347 seconds (process running for 0.773)
]]></system-out>
    <system-err><![CDATA[Mockito is currently self-attaching to enable the inline-mock-maker. This will no longer work in future releases of the JDK. Please add Mockito as an agent to your build what is described in Mockito's documentation: https://javadoc.io/doc/org.mockito/mockito-core/latest/org/mockito/Mockito.html#0.3
WARNING: A Java agent has been loaded dynamically (/Users/herbert/.m2/repository/net/bytebuddy/byte-buddy-agent/1.15.11/byte-buddy-agent-1.15.11.jar)
WARNING: If a serviceability tool is in use, please run with -XX:+EnableDynamicAgentLoading to hide this warning
WARNING: If a serviceability tool is not in use, please run with -Djdk.instrument.traceUsage for more information
WARNING: Dynamic loading of agents will be disallowed by default in a future release
]]></system-err>
  </testcase>
</testsuite>